app/proguard-rules.pro

#-----------------混淆配置设定------------------------------------------------------------------------
-optimizationpasses 5                                                       #指定代码压缩级别
-dontusemixedcaseclassnames                                                 #混淆时不会产生形形色色的类名
-dontskipnonpubliclibraryclasses                                            #指定不忽略非公共类库
-dontpreverify                                                              #不预校验，如果需要预校验，是-dontoptimize
-ignorewarnings                                                             #屏蔽警告
-verbose                                                                    #混淆时记录日志
-optimizations !code/simplification/arithmetic,!field/*,!class/merging/*    #优化

#-----------------导入第三方包,但是在当前版本中使用会报 input jar file is specified twice 错误，所以注释掉
#-libraryjars libs/android.support.v4.jar
#-libraryjars libs/BaiduLBS_Android.jar
#-libraryjars libs/commons-httpclient-3.1.jar
#-libraryjars libs/jackson-annotations-2.1.4.jar
#-libraryjars libs/jackson-core-2.1.4.jar
-libraryjars libs/FlycoTabLayout_Lib.aar

#-----------------不需要混淆第三方类库------------------------------------------------------------------
-dontwarn android.support.v4.**                                             #去掉警告
-keep class android.support.v4.** { *; }                                    #过滤android.support.v4
-keep interface android.support.v4.** { *; }
-keep public class * extends android.support.v4.**
-keep public class * extends android.app.Fragment

-keep class butterknife.** { *; }
-dontwarn butterknife.internal.**
-keep class **$$ViewBinder { *; }
#极光混淆配置
-dontwarn cn.jpush.**
-keep class cn.jpush.** { *; }
#okhttp混淆配置
-dontwarn com.squareup.okhttp3.**
-keep class com.squareup.okhttp3.** { *;}
-dontwarn okio.**

#percentlayout混淆配置
-keep class com.zhy.android.percent.** { *;}
-dontwarn com.zhy.android.percent.**

#glide混淆配置
-keep public class * implements com.bumptech.glide.module.GlideModule
-keep public class * extends com.bumptech.glide.AppGlideModule
-keep public enum com.bumptech.glide.load.resource.bitmap.ImageHeaderParser$** {
  **[] $VALUES;
  public *;
}
-dontwarn com.tencent.bugly.**
-keep public class com.tencent.bugly.**{*;}
-keep class android.support.**{*;}

#基线包使用，生成mapping.txt
-printmapping mapping.txt
#生成的mapping.txt在app/buidl/outputs/mapping/release路径下，移动到/app路径下
#修复后的项目使用，保证混淆结果一致
#-applymapping mapping.txt
#hotfix
-keep class com.taobao.sophix.**{*;}
-keep class com.ta.utdid2.device.**{*;}
#防止inline
-dontoptimize



#-----------------不需要混淆系统组件等-------------------------------------------------------------------
-keep public class * extends android.app.Activity
-keep public class * extends android.app.Application
-keep public class * extends android.app.Service
-keep public class * extends android.content.BroadcastReceiver
-keep public class * extends android.content.ContentProvider
-keep public class * extends android.preference.Preference
-keep public class com.android.vending.licensing.ILicensingService

-keep class com.zmsoft.TestTool.modle.**{*;}                                   #过滤掉自己编写的实体类


#----------------保护指定的类和类的成员，但条件是所有指定的类和类成员是要存在------------------------------------
-keepclasseswithmembernames class * {
 @butterknife.* <fields>;
    public <init>(android.content.Context, android.util.AttributeSet);
}

-keepclasseswithmembernames class * {
 @butterknife.* <methods>;
    public <init>(android.content.Context, android.util.AttributeSet, int);
}