app/mapping.txt
com.zmsoft.TestTool.R -> com.zmsoft.TestTool.a:
com.zmsoft.TestTool.R$styleable -> com.zmsoft.TestTool.a$a:
    int[] ActionBar -> ActionBar
    int ActionBar_background -> ActionBar_background
    int ActionBar_backgroundSplit -> ActionBar_backgroundSplit
    int ActionBar_backgroundStacked -> ActionBar_backgroundStacked
    int ActionBar_contentInsetEnd -> ActionBar_contentInsetEnd
    int ActionBar_contentInsetEndWithActions -> ActionBar_contentInsetEndWithActions
    int ActionBar_contentInsetLeft -> ActionBar_contentInsetLeft
    int ActionBar_contentInsetRight -> ActionBar_contentInsetRight
    int ActionBar_contentInsetStart -> ActionBar_contentInsetStart
    int ActionBar_contentInsetStartWithNavigation -> ActionBar_contentInsetStartWithNavigation
    int ActionBar_customNavigationLayout -> ActionBar_customNavigationLayout
    int ActionBar_displayOptions -> ActionBar_displayOptions
    int ActionBar_divider -> ActionBar_divider
    int ActionBar_elevation -> ActionBar_elevation
    int ActionBar_height -> ActionBar_height
    int ActionBar_hideOnContentScroll -> ActionBar_hideOnContentScroll
    int ActionBar_homeAsUpIndicator -> ActionBar_homeAsUpIndicator
    int ActionBar_homeLayout -> ActionBar_homeLayout
    int ActionBar_icon -> ActionBar_icon
    int ActionBar_indeterminateProgressStyle -> ActionBar_indeterminateProgressStyle
    int ActionBar_itemPadding -> ActionBar_itemPadding
    int ActionBar_logo -> ActionBar_logo
    int ActionBar_navigationMode -> ActionBar_navigationMode
com.zmsoft.TestTool.activity.LoginActivity -> com.zmsoft.TestTool.activity.LoginActivity:
    android.widget.ImageView imageview1 -> imageview1
    android.widget.EditText edPhone -> edPhone
    android.widget.EditText edCode -> edCode
    android.widget.TextView tvGetcode -> tvGetcode
    android.widget.EditText edPwd -> edPwd
    android.widget.Button btnLogin -> btnLogin
    android.widget.LinearLayout linearLayout -> linearLayout
    android.widget.TextView tvErr -> tvErr
    android.widget.TextView tvRegist -> tvRegist
    android.widget.LinearLayout codeLayout -> codeLayout
    java.lang.String code -> c
    int count -> d
    android.os.Handler handler -> a
    void <init>() -> <init>
    void onCreate(android.os.Bundle) -> onCreate
    void checkIsLogin() -> d
    void initView() -> e
    void onViewClicked(android.view.View) -> onViewClicked
    void login() -> f
    void loginJiGuang() -> g
    void getCode() -> a
    void onDestroy() -> onDestroy
    void onActivityResult(int,int,android.content.Intent) -> onActivityResult
    void access$000(com.zmsoft.TestTool.activity.LoginActivity) -> a
    void access$100(com.zmsoft.TestTool.activity.LoginActivity) -> b
    java.lang.String access$202(com.zmsoft.TestTool.activity.LoginActivity,java.lang.String) -> a
    int access$300() -> b
    int access$306() -> c
    void <clinit>() -> <clinit>
com.zmsoft.TestTool.activity.LoginActivity$1 -> com.zmsoft.TestTool.activity.LoginActivity$1:
    com.zmsoft.TestTool.activity.LoginActivity this$0 -> a
    void <init>(com.zmsoft.TestTool.activity.LoginActivity) -> <init>
    void beforeTextChanged(java.lang.CharSequence,int,int,int) -> beforeTextChanged
    void onTextChanged(java.lang.CharSequence,int,int,int) -> onTextChanged
    void afterTextChanged(android.text.Editable) -> afterTextChanged
com.zmsoft.TestTool.activity.LoginActivity$2 -> com.zmsoft.TestTool.activity.LoginActivity$2:
    com.zmsoft.TestTool.activity.LoginActivity this$0 -> a
    void <init>(com.zmsoft.TestTool.activity.LoginActivity) -> <init>
    void beforeTextChanged(java.lang.CharSequence,int,int,int) -> beforeTextChanged
    void onTextChanged(java.lang.CharSequence,int,int,int) -> onTextChanged
    void afterTextChanged(android.text.Editable) -> afterTextChanged
...
android.support.v4.widget.ListPopupWindowCompat -> android.support.v4.widget.ListPopupWindowCompat:
    android.support.v4.widget.ListPopupWindowCompat$ListPopupWindowImpl IMPL -> IMPL
    void <init>() -> <init>
    android.view.View$OnTouchListener createDragToOpenListener(java.lang.Object,android.view.View) -> createDragToOpenListener
    void <clinit>() -> <clinit>
android.support.v4.widget.ListPopupWindowCompat$BaseListPopupWindowImpl -> android.support.v4.widget.ListPopupWindowCompat$BaseListPopupWindowImpl:
    void <init>() -> <init>
    android.view.View$OnTouchListener createDragToOpenListener(java.lang.Object,android.view.View) -> createDragToOpenListener
android.support.v4.widget.ListPopupWindowCompat$KitKatListPopupWindowImpl -> android.support.v4.widget.ListPopupWindowCompat$KitKatListPopupWindowImpl:
    void <init>() -> <init>
    android.view.View$OnTouchListener createDragToOpenListener(java.lang.Object,android.view.View) -> createDragToOpenListener
android.support.v4.widget.ListPopupWindowCompat$ListPopupWindowImpl -> android.support.v4.widget.ListPopupWindowCompat$ListPopupWindowImpl:
    android.view.View$OnTouchListener createDragToOpenListener(java.lang.Object,android.view.View) -> createDragToOpenListener
android.support.v4.widget.ListPopupWindowCompatKitKat -> android.support.v4.widget.ListPopupWindowCompatKitKat:
    void <init>() -> <init>
    android.view.View$OnTouchListener createDragToOpenListener(java.lang.Object,android.view.View) -> createDragToOpenListener
android.support.v4.widget.ListViewAutoScrollHelper -> android.support.v4.widget.ListViewAutoScrollHelper:
    android.widget.ListView mTarget -> mTarget
    void <init>(android.widget.ListView) -> <init>
    void scrollTargetBy(int,int) -> scrollTargetBy
    boolean canTargetScrollHorizontally(int) -> canTargetScrollHorizontally
    boolean canTargetScrollVertically(int) -> canTargetScrollVertically
android.support.v4.widget.ListViewCompat -> android.support.v4.widget.ListViewCompat:
    void scrollListBy(android.widget.ListView,int) -> scrollListBy
    void <init>() -> <init>
android.support.v4.widget.MaterialProgressDrawable -> android.support.v4.widget.MaterialProgressDrawable:
    android.view.animation.Interpolator LINEAR_INTERPOLATOR -> LINEAR_INTERPOLATOR
    android.view.animation.Interpolator MATERIAL_INTERPOLATOR -> MATERIAL_INTERPOLATOR
    float FULL_ROTATION -> FULL_ROTATION
    int LARGE -> LARGE
    int DEFAULT -> DEFAULT
    int CIRCLE_DIAMETER -> CIRCLE_DIAMETER
    float CENTER_RADIUS -> CENTER_RADIUS
    float STROKE_WIDTH -> STROKE_WIDTH
    int CIRCLE_DIAMETER_LARGE -> CIRCLE_DIAMETER_LARGE
    float CENTER_RADIUS_LARGE -> CENTER_RADIUS_LARGE
    float STROKE_WIDTH_LARGE -> STROKE_WIDTH_LARGE
    int[] COLORS -> COLORS
    float COLOR_START_DELAY_OFFSET -> COLOR_START_DELAY_OFFSET
    float END_TRIM_START_DELAY_OFFSET -> END_TRIM_START_DELAY_OFFSET
    float START_TRIM_DURATION_OFFSET -> START_TRIM_DURATION_OFFSET
    int ANIMATION_DURATION -> ANIMATION_DURATION
    float NUM_POINTS -> NUM_POINTS
    java.util.ArrayList mAnimators -> mAnimators
    android.support.v4.widget.MaterialProgressDrawable$Ring mRing -> mRing
    float mRotation -> mRotation
    int ARROW_WIDTH -> ARROW_WIDTH
    int ARROW_HEIGHT -> ARROW_HEIGHT
    float ARROW_OFFSET_ANGLE -> ARROW_OFFSET_ANGLE
    int ARROW_WIDTH_LARGE -> ARROW_WIDTH_LARGE
    int ARROW_HEIGHT_LARGE -> ARROW_HEIGHT_LARGE
    float MAX_PROGRESS_ARC -> MAX_PROGRESS_ARC
    android.content.res.Resources mResources -> mResources
    android.view.View mParent -> mParent